<?xml version="1.0" encoding="UTF-8"?>
<testng-results ignored="0" total="6" passed="5" failed="1" skipped="0">
  <reporter-output>
  </reporter-output>
  <suite started-at="2021-10-12T10:22:13 IST" name="Suite" finished-at="2021-10-12T10:23:47 IST" duration-ms="94169">
    <groups>
      <group name="cucumber">
        <method signature="AbstractTestNGCucumberTests.runScenario(io.cucumber.testng.PickleWrapper,io.cucumber.testng.FeatureWrapper)[pri:0, instance:MyRunner.MyRunner@4bb33f74]" name="runScenario" class="io.cucumber.testng.AbstractTestNGCucumberTests"/>
      </group> <!-- cucumber -->
    </groups>
    <test started-at="2021-10-12T10:22:13 IST" name="Test" finished-at="2021-10-12T10:23:47 IST" duration-ms="94169">
      <class name="MyRunner.MyRunner">
        <test-method is-config="true" signature="setUpClass()[pri:0, instance:MyRunner.MyRunner@4bb33f74]" started-at="2021-10-12T10:22:13 IST" name="setUpClass" finished-at="2021-10-12T10:22:13 IST" duration-ms="376" status="PASS">
          <reporter-output>
          </reporter-output>
        </test-method> <!-- setUpClass -->
        <test-method signature="runScenario(io.cucumber.testng.PickleWrapper,io.cucumber.testng.FeatureWrapper)[pri:0, instance:MyRunner.MyRunner@4bb33f74]" started-at="2021-10-12T10:22:13 IST" name="runScenario" description="Runs Cucumber Scenarios" data-provider="scenarios" finished-at="2021-10-12T10:22:34 IST" duration-ms="20632" status="FAIL">
          <params>
            <param index="0">
              <value>
                <![CDATA["Validating discount coupon"]]>
              </value>
            </param>
            <param index="1">
              <value>
                <![CDATA["Optional[Applying Coupon Activity]"]]>
              </value>
            </param>
          </params>
          <exception class="org.openqa.selenium.NoSuchElementException">
            <message>
              <![CDATA[no such element: Unable to locate element: {"method":"xpath","selector":"//div[@class='style_FlexBox-sc-1kcq93d-0 styleHorizontalFlexBox-sc-1kcq93d-1 style_SmileyWrapper-sc-1kcq93d-3 bjUOHW']"}
  (Session info: chrome=94.0.4606.71)
For documentation on this error, please visit: https://www.seleniumhq.org/exceptions/no_such_element.html
Build info: version: '3.141.59', revision: 'e82be7d358', time: '2018-11-14T08:17:03'
System info: host: 'DESKTOP-7CGC82H', ip: '192.168.1.5', os.name: 'Windows 10', os.arch: 'amd64', os.version: '10.0', java.version: '11.0.11'
Driver info: org.openqa.selenium.chrome.ChromeDriver
Capabilities {acceptInsecureCerts: false, browserName: chrome, browserVersion: 94.0.4606.71, chrome: {chromedriverVersion: 94.0.4606.61 (418b78f5838ed..., userDataDir: C:\Users\AKSHAY~1\AppData\L...}, goog:chromeOptions: {debuggerAddress: localhost:56284}, javascriptEnabled: true, networkConnectionEnabled: false, pageLoadStrategy: normal, platform: WINDOWS, platformName: WINDOWS, proxy: Proxy(), setWindowRect: true, strictFileInteractability: false, timeouts: {implicit: 0, pageLoad: 300000, script: 30000}, unhandledPromptBehavior: dismiss and notify, webauthn:extension:credBlob: true, webauthn:extension:largeBlob: true, webauthn:virtualAuthenticators: true}
Session ID: 7d6d48016be2882a37053c2bf913d5ae
*** Element info: {Using=xpath, value=//div[@class='style_FlexBox-sc-1kcq93d-0 styleHorizontalFlexBox-sc-1kcq93d-1 style_SmileyWrapper-sc-1kcq93d-3 bjUOHW']}]]>
            </message>
            <full-stacktrace>
              <![CDATA[org.openqa.selenium.NoSuchElementException: no such element: Unable to locate element: {"method":"xpath","selector":"//div[@class='style_FlexBox-sc-1kcq93d-0 styleHorizontalFlexBox-sc-1kcq93d-1 style_SmileyWrapper-sc-1kcq93d-3 bjUOHW']"}
  (Session info: chrome=94.0.4606.71)
For documentation on this error, please visit: https://www.seleniumhq.org/exceptions/no_such_element.html
Build info: version: '3.141.59', revision: 'e82be7d358', time: '2018-11-14T08:17:03'
System info: host: 'DESKTOP-7CGC82H', ip: '192.168.1.5', os.name: 'Windows 10', os.arch: 'amd64', os.version: '10.0', java.version: '11.0.11'
Driver info: org.openqa.selenium.chrome.ChromeDriver
Capabilities {acceptInsecureCerts: false, browserName: chrome, browserVersion: 94.0.4606.71, chrome: {chromedriverVersion: 94.0.4606.61 (418b78f5838ed..., userDataDir: C:\Users\AKSHAY~1\AppData\L...}, goog:chromeOptions: {debuggerAddress: localhost:56284}, javascriptEnabled: true, networkConnectionEnabled: false, pageLoadStrategy: normal, platform: WINDOWS, platformName: WINDOWS, proxy: Proxy(), setWindowRect: true, strictFileInteractability: false, timeouts: {implicit: 0, pageLoad: 300000, script: 30000}, unhandledPromptBehavior: dismiss and notify, webauthn:extension:credBlob: true, webauthn:extension:largeBlob: true, webauthn:virtualAuthenticators: true}
Session ID: 7d6d48016be2882a37053c2bf913d5ae
*** Element info: {Using=xpath, value=//div[@class='style_FlexBox-sc-1kcq93d-0 styleHorizontalFlexBox-sc-1kcq93d-1 style_SmileyWrapper-sc-1kcq93d-3 bjUOHW']}
at java.base/jdk.internal.reflect.NativeConstructorAccessorImpl.newInstance0(Native Method)
at java.base/jdk.internal.reflect.NativeConstructorAccessorImpl.newInstance(NativeConstructorAccessorImpl.java:62)
at java.base/jdk.internal.reflect.DelegatingConstructorAccessorImpl.newInstance(DelegatingConstructorAccessorImpl.java:45)
at java.base/java.lang.reflect.Constructor.newInstance(Constructor.java:490)
at org.openqa.selenium.remote.http.W3CHttpResponseCodec.createException(W3CHttpResponseCodec.java:187)
at org.openqa.selenium.remote.http.W3CHttpResponseCodec.decode(W3CHttpResponseCodec.java:122)
at org.openqa.selenium.remote.http.W3CHttpResponseCodec.decode(W3CHttpResponseCodec.java:49)
at org.openqa.selenium.remote.HttpCommandExecutor.execute(HttpCommandExecutor.java:158)
at org.openqa.selenium.remote.service.DriverCommandExecutor.execute(DriverCommandExecutor.java:83)
at org.openqa.selenium.remote.RemoteWebDriver.execute(RemoteWebDriver.java:552)
at org.openqa.selenium.remote.RemoteWebDriver.findElement(RemoteWebDriver.java:323)
at org.openqa.selenium.remote.RemoteWebDriver.findElementByXPath(RemoteWebDriver.java:428)
at org.openqa.selenium.By$ByXPath.findElement(By.java:353)
at org.openqa.selenium.remote.RemoteWebDriver.findElement(RemoteWebDriver.java:315)
at org.openqa.selenium.support.pagefactory.DefaultElementLocator.findElement(DefaultElementLocator.java:69)
at org.openqa.selenium.support.pagefactory.internal.LocatingElementHandler.invoke(LocatingElementHandler.java:38)
at com.sun.proxy.$Proxy19.click(Unknown Source)
at com.pages.Discount.paymentPage(Discount.java:39)
at stepdefinition.DiscountTest.user_selects_the_amount_and_clicks_on_donate_now(DiscountTest.java:14)
at ✽.user selects the amount and clicks on donate now(file:///C:/Users/Akshay%20Gadhave/eclipse-workspace/Sprint2/./src/test/java/features/Discount.feature:7)
]]>
            </full-stacktrace>
          </exception> <!-- org.openqa.selenium.NoSuchElementException -->
          <reporter-output>
          </reporter-output>
        </test-method> <!-- runScenario -->
        <test-method signature="runScenario(io.cucumber.testng.PickleWrapper,io.cucumber.testng.FeatureWrapper)[pri:0, instance:MyRunner.MyRunner@4bb33f74]" started-at="2021-10-12T10:22:34 IST" name="runScenario" description="Runs Cucumber Scenarios" data-provider="scenarios" finished-at="2021-10-12T10:22:47 IST" duration-ms="13149" status="PASS">
          <params>
            <param index="0">
              <value>
                <![CDATA["Validating URl"]]>
              </value>
            </param>
            <param index="1">
              <value>
                <![CDATA["Optional[Homepage Activity]"]]>
              </value>
            </param>
          </params>
          <reporter-output>
          </reporter-output>
        </test-method> <!-- runScenario -->
        <test-method signature="runScenario(io.cucumber.testng.PickleWrapper,io.cucumber.testng.FeatureWrapper)[pri:0, instance:MyRunner.MyRunner@4bb33f74]" started-at="2021-10-12T10:22:47 IST" name="runScenario" description="Runs Cucumber Scenarios" data-provider="scenarios" finished-at="2021-10-12T10:23:00 IST" duration-ms="13331" status="PASS">
          <params>
            <param index="0">
              <value>
                <![CDATA["Validating signin Page"]]>
              </value>
            </param>
            <param index="1">
              <value>
                <![CDATA["Optional[Homepage Activity]"]]>
              </value>
            </param>
          </params>
          <reporter-output>
          </reporter-output>
        </test-method> <!-- runScenario -->
        <test-method signature="runScenario(io.cucumber.testng.PickleWrapper,io.cucumber.testng.FeatureWrapper)[pri:0, instance:MyRunner.MyRunner@4bb33f74]" started-at="2021-10-12T10:23:00 IST" name="runScenario" description="Runs Cucumber Scenarios" data-provider="scenarios" finished-at="2021-10-12T10:23:14 IST" duration-ms="14188" status="PASS">
          <params>
            <param index="0">
              <value>
                <![CDATA["Validate Notifications page"]]>
              </value>
            </param>
            <param index="1">
              <value>
                <![CDATA["Optional[User profile Action]"]]>
              </value>
            </param>
          </params>
          <reporter-output>
          </reporter-output>
        </test-method> <!-- runScenario -->
        <test-method signature="runScenario(io.cucumber.testng.PickleWrapper,io.cucumber.testng.FeatureWrapper)[pri:0, instance:MyRunner.MyRunner@4bb33f74]" started-at="2021-10-12T10:23:14 IST" name="runScenario" description="Runs Cucumber Scenarios" data-provider="scenarios" finished-at="2021-10-12T10:23:31 IST" duration-ms="16370" status="PASS">
          <params>
            <param index="0">
              <value>
                <![CDATA["Validate BookaSmile page"]]>
              </value>
            </param>
            <param index="1">
              <value>
                <![CDATA["Optional[User profile Action]"]]>
              </value>
            </param>
          </params>
          <reporter-output>
          </reporter-output>
        </test-method> <!-- runScenario -->
        <test-method signature="runScenario(io.cucumber.testng.PickleWrapper,io.cucumber.testng.FeatureWrapper)[pri:0, instance:MyRunner.MyRunner@4bb33f74]" started-at="2021-10-12T10:23:31 IST" name="runScenario" description="Runs Cucumber Scenarios" data-provider="scenarios" finished-at="2021-10-12T10:23:47 IST" duration-ms="16042" status="PASS">
          <params>
            <param index="0">
              <value>
                <![CDATA["Validating searching for sports"]]>
              </value>
            </param>
            <param index="1">
              <value>
                <![CDATA["Optional[Searching Sports Activity]"]]>
              </value>
            </param>
          </params>
          <reporter-output>
          </reporter-output>
        </test-method> <!-- runScenario -->
        <test-method is-config="true" signature="tearDownClass()[pri:0, instance:MyRunner.MyRunner@4bb33f74]" started-at="2021-10-12T10:23:47 IST" name="tearDownClass" finished-at="2021-10-12T10:23:47 IST" duration-ms="9" status="PASS">
          <reporter-output>
          </reporter-output>
        </test-method> <!-- tearDownClass -->
      </class> <!-- MyRunner.MyRunner -->
    </test> <!-- Test -->
  </suite> <!-- Suite -->
</testng-results>
